<?xml version="1.0" encoding="UTF-8"?>
<testng-results ignored="0" total="2" passed="2" failed="0" skipped="0">
  <reporter-output>
  </reporter-output>
  <suite started-at="2022-05-24T20:07:36 IST" name="Suite" finished-at="2022-05-24T20:07:42 IST" duration-ms="6208">
    <groups>
    </groups>
    <test started-at="2022-05-24T20:07:36 IST" name="Test" finished-at="2022-05-24T20:07:42 IST" duration-ms="6208">
      <class name="com.tests.Tests">
        <test-method is-config="true" signature="setup()[pri:0, instance:com.tests.Tests@242b836]" started-at="2022-05-24T20:07:36 IST" name="setup" finished-at="2022-05-24T20:07:36 IST" duration-ms="354" status="PASS">
          <reporter-output>
          </reporter-output>
        </test-method> <!-- setup -->
        <test-method signature="Login()[pri:0, instance:com.tests.Tests@242b836]" started-at="2022-05-24T20:07:36 IST" name="Login" finished-at="2022-05-24T20:07:39 IST" duration-ms="3464" status="PASS">
          <reporter-output>
          </reporter-output>
        </test-method> <!-- Login -->
        <test-method signature="Register()[pri:0, instance:com.tests.Tests@242b836]" started-at="2022-05-24T20:07:39 IST" name="Register" finished-at="2022-05-24T20:07:42 IST" duration-ms="2719" status="PASS">
          <reporter-output>
          </reporter-output>
        </test-method> <!-- Register -->
      </class> <!-- com.tests.Tests -->
    </test> <!-- Test -->
  </suite> <!-- Suite -->
</testng-results>
